<?xml version="1.0" encoding="UTF-8"?>
<testsuite xmlns:xsi="http://www.w3.org/2001/XMLSchema-instance" xsi:noNamespaceSchemaLocation="https://maven.apache.org/surefire/maven-surefire-plugin/xsd/surefire-test-report-3.0.xsd" version="3.0" name="org.springframework.samples.petclinic.api.boundary.web.ApiGatewayControllerTest" time="2.571" tests="2" errors="0" skipped="0" failures="0">
  <properties>
[...]
</properties>
  <testcase name="getOwnerDetails_withServiceError" classname="org.springframework.samples.petclinic.api.boundary.web.ApiGatewayControllerTest" time="0.12">
    <system-out><![CDATA[16:32:24.402 [main] INFO org.springframework.test.context.support.AnnotationConfigContextLoaderUtils -- Could not detect default configuration classes for test class [org.springframework.samples.petclinic.api.boundary.web.ApiGatewayControllerTest]: ApiGatewayControllerTest does not declare any static, non-private, non-final, nested classes annotated with @Configuration.
16:32:24.473 [main] INFO org.springframework.boot.test.context.SpringBootTestContextBootstrapper -- Found @SpringBootConfiguration org.springframework.samples.petclinic.api.ApiGatewayApplication for test class org.springframework.samples.petclinic.api.boundary.web.ApiGatewayControllerTest
16:32:24.512 [main] INFO org.springframework.boot.devtools.restart.RestartApplicationListener -- Restart disabled due to context in which it is running
16:32:25,009 |-INFO in ch.qos.logback.core.joran.util.ConfigurationWatchListUtil@6573d2f7 - Adding [jar:file:/Users/jaylee/.m2/repository/org/springframework/boot/spring-boot/3.2.11/spring-boot-3.2.11.jar!/org/springframework/boot/logging/logback/base.xml] to configuration watch list.
16:32:25,009 |-INFO in ch.qos.logback.core.joran.spi.ConfigurationWatchList@4052c8c2 - URL [jar:file:/Users/jaylee/.m2/repository/org/springframework/boot/spring-boot/3.2.11/spring-boot-3.2.11.jar!/org/springframework/boot/logging/logback/base.xml] is not of type file
16:32:25,010 |-INFO in ch.qos.logback.core.joran.util.ConfigurationWatchListUtil@6573d2f7 - Adding [jar:file:/Users/jaylee/.m2/repository/org/springframework/boot/spring-boot/3.2.11/spring-boot-3.2.11.jar!/org/springframework/boot/logging/logback/defaults.xml] to configuration watch list.
16:32:25,010 |-INFO in ch.qos.logback.core.joran.spi.ConfigurationWatchList@4052c8c2 - URL [jar:file:/Users/jaylee/.m2/repository/org/springframework/boot/spring-boot/3.2.11/spring-boot-3.2.11.jar!/org/springframework/boot/logging/logback/defaults.xml] is not of type file
16:32:25,011 |-INFO in ch.qos.logback.core.joran.action.ConversionRuleAction - registering conversion word applicationName with class [org.springframework.boot.logging.logback.ApplicationNameConverter]
16:32:25,011 |-INFO in ch.qos.logback.core.joran.action.ConversionRuleAction - registering conversion word clr with class [org.springframework.boot.logging.logback.ColorConverter]
16:32:25,011 |-INFO in ch.qos.logback.core.joran.action.ConversionRuleAction - registering conversion word correlationId with class [org.springframework.boot.logging.logback.CorrelationIdConverter]
16:32:25,011 |-INFO in ch.qos.logback.core.joran.action.ConversionRuleAction - registering conversion word wex with class [org.springframework.boot.logging.logback.WhitespaceThrowableProxyConverter]
16:32:25,011 |-INFO in ch.qos.logback.core.joran.action.ConversionRuleAction - registering conversion word wEx with class [org.springframework.boot.logging.logback.ExtendedWhitespaceThrowableProxyConverter]
16:32:25,011 |-INFO in ch.qos.logback.core.joran.util.ConfigurationWatchListUtil@6573d2f7 - Adding [jar:file:/Users/jaylee/.m2/repository/org/springframework/boot/spring-boot/3.2.11/spring-boot-3.2.11.jar!/org/springframework/boot/logging/logback/console-appender.xml] to configuration watch list.
16:32:25,011 |-INFO in ch.qos.logback.core.joran.spi.ConfigurationWatchList@4052c8c2 - URL [jar:file:/Users/jaylee/.m2/repository/org/springframework/boot/spring-boot/3.2.11/spring-boot-3.2.11.jar!/org/springframework/boot/logging/logback/console-appender.xml] is not of type file
16:32:25,013 |-INFO in ch.qos.logback.core.joran.util.ConfigurationWatchListUtil@6573d2f7 - Adding [jar:file:/Users/jaylee/.m2/repository/org/springframework/boot/spring-boot/3.2.11/spring-boot-3.2.11.jar!/org/springframework/boot/logging/logback/file-appender.xml] to configuration watch list.
16:32:25,013 |-INFO in ch.qos.logback.core.joran.spi.ConfigurationWatchList@4052c8c2 - URL [jar:file:/Users/jaylee/.m2/repository/org/springframework/boot/spring-boot/3.2.11/spring-boot-3.2.11.jar!/org/springframework/boot/logging/logback/file-appender.xml] is not of type file
16:32:25,025 |-WARN in ch.qos.logback.core.model.processor.ImplicitModelHandler - Ignoring unknown property [jmxConfigurator] in [ch.qos.logback.classic.LoggerContext]
16:32:25,026 |-INFO in ch.qos.logback.classic.model.processor.LoggerModelHandler - Setting level of logger [org.apache.catalina.startup.DigesterFactory] to ERROR
16:32:25,026 |-INFO in ch.qos.logback.classic.jul.LevelChangePropagator@181b8c4b - Propagating ERROR level on Logger[org.apache.catalina.startup.DigesterFactory] onto the JUL framework
16:32:25,026 |-INFO in ch.qos.logback.classic.model.processor.LoggerModelHandler - Setting level of logger [org.apache.catalina.util.LifecycleBase] to ERROR
16:32:25,026 |-INFO in ch.qos.logback.classic.jul.LevelChangePropagator@181b8c4b - Propagating ERROR level on Logger[org.apache.catalina.util.LifecycleBase] onto the JUL framework
16:32:25,026 |-INFO in ch.qos.logback.classic.model.processor.LoggerModelHandler - Setting level of logger [org.apache.coyote.http11.Http11NioProtocol] to WARN
16:32:25,026 |-INFO in ch.qos.logback.classic.jul.LevelChangePropagator@181b8c4b - Propagating WARN level on Logger[org.apache.coyote.http11.Http11NioProtocol] onto the JUL framework
16:32:25,026 |-INFO in ch.qos.logback.classic.model.processor.LoggerModelHandler - Setting level of logger [org.apache.sshd.common.util.SecurityUtils] to WARN
16:32:25,026 |-INFO in ch.qos.logback.classic.jul.LevelChangePropagator@181b8c4b - Propagating WARN level on Logger[org.apache.sshd.common.util.SecurityUtils] onto the JUL framework
16:32:25,026 |-INFO in ch.qos.logback.classic.model.processor.LoggerModelHandler - Setting level of logger [org.apache.tomcat.util.net.NioSelectorPool] to WARN
16:32:25,026 |-INFO in ch.qos.logback.classic.jul.LevelChangePropagator@181b8c4b - Propagating WARN level on Logger[org.apache.tomcat.util.net.NioSelectorPool] onto the JUL framework
16:32:25,026 |-INFO in ch.qos.logback.classic.model.processor.LoggerModelHandler - Setting level of logger [org.eclipse.jetty.util.component.AbstractLifeCycle] to ERROR
16:32:25,026 |-INFO in ch.qos.logback.classic.jul.LevelChangePropagator@181b8c4b - Propagating ERROR level on Logger[org.eclipse.jetty.util.component.AbstractLifeCycle] onto the JUL framework
16:32:25,026 |-INFO in ch.qos.logback.classic.model.processor.LoggerModelHandler - Setting level of logger [org.hibernate.validator.internal.util.Version] to WARN
16:32:25,026 |-INFO in ch.qos.logback.classic.jul.LevelChangePropagator@181b8c4b - Propagating WARN level on Logger[org.hibernate.validator.internal.util.Version] onto the JUL framework
16:32:25,026 |-INFO in ch.qos.logback.classic.model.processor.LoggerModelHandler - Setting level of logger [org.springframework.boot.actuate.endpoint.jmx] to WARN
16:32:25,026 |-INFO in ch.qos.logback.classic.jul.LevelChangePropagator@181b8c4b - Propagating WARN level on Logger[org.springframework.boot.actuate.endpoint.jmx] onto the JUL framework
16:32:25,026 |-INFO in ch.qos.logback.core.model.processor.AppenderModelHandler - Processing appender named [CONSOLE]
16:32:25,026 |-INFO in ch.qos.logback.core.model.processor.AppenderModelHandler - About to instantiate appender of type [ch.qos.logback.core.ConsoleAppender]
16:32:25,028 |-INFO in ch.qos.logback.core.model.processor.ImplicitModelHandler - Assuming default type [ch.qos.logback.classic.encoder.PatternLayoutEncoder] for [encoder] property
16:32:25,033 |-INFO in ch.qos.logback.core.model.processor.AppenderModelHandler - Processing appender named [FILE]
16:32:25,033 |-INFO in ch.qos.logback.core.model.processor.AppenderModelHandler - About to instantiate appender of type [ch.qos.logback.core.rolling.RollingFileAppender]
16:32:25,034 |-INFO in ch.qos.logback.core.model.processor.ImplicitModelHandler - Assuming default type [ch.qos.logback.classic.encoder.PatternLayoutEncoder] for [encoder] property
16:32:25,036 |-INFO in c.q.l.core.rolling.SizeAndTimeBasedRollingPolicy@954928973 - setting totalSizeCap to 0 Bytes
16:32:25,036 |-INFO in c.q.l.core.rolling.SizeAndTimeBasedRollingPolicy@954928973 - Archive files will be limited to [10 MB] each.
16:32:25,037 |-INFO in c.q.l.core.rolling.SizeAndTimeBasedRollingPolicy@954928973 - Will use gz compression
16:32:25,037 |-INFO in c.q.l.core.rolling.SizeAndTimeBasedRollingPolicy@954928973 - Will use the pattern /var/folders/5c/9n2rzgmx5y3fd7rw70srmz800000gn/T//spring.log.%d{yyyy-MM-dd}.%i for the active file
16:32:25,038 |-INFO in ch.qos.logback.core.rolling.SizeAndTimeBasedFNATP@437486cd - The date pattern is 'yyyy-MM-dd' from file name pattern '/var/folders/5c/9n2rzgmx5y3fd7rw70srmz800000gn/T//spring.log.%d{yyyy-MM-dd}.%i.gz'.
16:32:25,038 |-INFO in ch.qos.logback.core.rolling.SizeAndTimeBasedFNATP@437486cd - Roll-over at midnight.
16:32:25,039 |-INFO in ch.qos.logback.core.rolling.SizeAndTimeBasedFNATP@437486cd - Setting initial period to 2024-11-12T07:57:00.064Z
16:32:25,041 |-INFO in ch.qos.logback.core.rolling.RollingFileAppender[FILE] - Active log file name: /var/folders/5c/9n2rzgmx5y3fd7rw70srmz800000gn/T//spring.log
16:32:25,041 |-INFO in ch.qos.logback.core.rolling.RollingFileAppender[FILE] - File property is set to [/var/folders/5c/9n2rzgmx5y3fd7rw70srmz800000gn/T//spring.log]
16:32:25,053 |-INFO in ch.qos.logback.classic.model.processor.RootLoggerModelHandler - Setting level of ROOT logger to INFO
16:32:25,053 |-INFO in ch.qos.logback.classic.jul.LevelChangePropagator@181b8c4b - Propagating INFO level on Logger[ROOT] onto the JUL framework
16:32:25,053 |-INFO in ch.qos.logback.core.model.processor.AppenderRefModelHandler - Attaching appender named [CONSOLE] to Logger[ROOT]
16:32:25,053 |-INFO in ch.qos.logback.core.model.processor.AppenderRefModelHandler - Attaching appender named [FILE] to Logger[ROOT]
16:32:25,053 |-INFO in ch.qos.logback.core.model.processor.DefaultProcessor@15b642b9 - End of configuration.
16:32:25,053 |-INFO in org.springframework.boot.logging.logback.SpringBootJoranConfigurator@518bfd90 - Registering current configuration as safe fallback point


  .   ____          _            __ _ _
 /\\ / ___'_ __ _ _(_)_ __  __ _ \ \ \ \
( ( )\___ | '_ | '_| | '_ \/ _` | \ \ \ \
 \\/  ___)| |_)| | | | | || (_| |  ) ) ) )
  '  |____| .__|_| |_|_| |_\__, | / / / /
 =========|_|==============|___/=/_/_/_/
 :: Spring Boot ::               (v3.2.11)

2024-11-12T16:32:25.084+08:00  INFO 63087 --- [api-gateway] [           main] o.s.s.p.a.b.w.ApiGatewayControllerTest   : Starting ApiGatewayControllerTest using Java 17.0.11 with PID 63087 (started by jaylee in /Users/jaylee/Develop/git/spring-petclinic-microservices/spring-petclinic-api-gateway)
2024-11-12T16:32:25.085+08:00  INFO 63087 --- [api-gateway] [           main] o.s.s.p.a.b.w.ApiGatewayControllerTest   : No active profile set, falling back to 1 default profile: "default"
2024-11-12T16:32:25.093+08:00  INFO 63087 --- [api-gateway] [           main] o.s.c.c.c.ConfigServerConfigDataLoader   : Fetching config from server at : http://localhost:8888/
2024-11-12T16:32:25.093+08:00  INFO 63087 --- [api-gateway] [           main] o.s.c.c.c.ConfigServerConfigDataLoader   : Exception on Url - http://localhost:8888/:org.springframework.web.client.ResourceAccessException: I/O error on GET request for "http://localhost:8888/api-gateway/default": Connection refused. Will be trying the next url if available
2024-11-12T16:32:25.093+08:00  WARN 63087 --- [api-gateway] [           main] o.s.c.c.c.ConfigServerConfigDataLoader   : Could not locate PropertySource ([ConfigServerConfigDataResource@42d73c61 uris = array<String>['http://localhost:8888/'], optional = true, profiles = 'default']): I/O error on GET request for "http://localhost:8888/api-gateway/default": Connection refused
2024-11-12T16:32:25.093+08:00  INFO 63087 --- [api-gateway] [           main] o.s.c.c.c.ConfigServerConfigDataLoader   : Fetching config from server at : http://localhost:8888/
2024-11-12T16:32:25.093+08:00  INFO 63087 --- [api-gateway] [           main] o.s.c.c.c.ConfigServerConfigDataLoader   : Exception on Url - http://localhost:8888/:org.springframework.web.client.ResourceAccessException: I/O error on GET request for "http://localhost:8888/api-gateway/default": Connection refused. Will be trying the next url if available
2024-11-12T16:32:25.094+08:00  WARN 63087 --- [api-gateway] [           main] o.s.c.c.c.ConfigServerConfigDataLoader   : Could not locate PropertySource ([ConfigServerConfigDataResource@59c33386 uris = array<String>['http://localhost:8888/'], optional = true, profiles = 'default']): I/O error on GET request for "http://localhost:8888/api-gateway/default": Connection refused
2024-11-12T16:32:25.094+08:00  INFO 63087 --- [api-gateway] [           main] o.s.c.c.c.ConfigServerConfigDataLoader   : Fetching config from server at : http://localhost:8888/
2024-11-12T16:32:25.094+08:00  INFO 63087 --- [api-gateway] [           main] o.s.c.c.c.ConfigServerConfigDataLoader   : Exception on Url - http://localhost:8888/:org.springframework.web.client.ResourceAccessException: I/O error on GET request for "http://localhost:8888/api-gateway/default": Connection refused. Will be trying the next url if available
2024-11-12T16:32:25.094+08:00  WARN 63087 --- [api-gateway] [           main] o.s.c.c.c.ConfigServerConfigDataLoader   : Could not locate PropertySource ([ConfigServerConfigDataResource@571a9686 uris = array<String>['http://localhost:8888/'], optional = true, profiles = 'default']): I/O error on GET request for "http://localhost:8888/api-gateway/default": Connection refused
2024-11-12T16:32:26.725+08:00  INFO 63087 --- [api-gateway] [           main] o.s.s.p.a.b.w.ApiGatewayControllerTest   : Started ApiGatewayControllerTest in 2.221 seconds (process running for 2.882)
]]></system-out>
  </testcase>
  <testcase name="getOwnerDetails_withAvailableVisitsService" classname="org.springframework.samples.petclinic.api.boundary.web.ApiGatewayControllerTest" time="0.008"/>
</testsuite>