<?xml version="1.0" encoding="UTF-8"?>
<testsuite xmlns:xsi="http://www.w3.org/2001/XMLSchema-instance" xsi:noNamespaceSchemaLocation="https://maven.apache.org/surefire/maven-surefire-plugin/xsd/surefire-test-report-3.0.xsd" version="3.0" name="org.springframework.samples.petclinic.customers.web.PetResourceTest" time="2.372" tests="1" errors="0" skipped="0" failures="0">
  <properties>
[...]
</properties>
  <testcase name="shouldGetAPetInJSonFormat" classname="org.springframework.samples.petclinic.customers.web.PetResourceTest" time="0.08">
    <system-out><![CDATA[15:36:00.764 [main] INFO org.springframework.test.context.support.AnnotationConfigContextLoaderUtils -- Could not detect default configuration classes for test class [org.springframework.samples.petclinic.customers.web.PetResourceTest]: PetResourceTest does not declare any static, non-private, non-final, nested classes annotated with @Configuration.
15:36:00.845 [main] INFO org.springframework.boot.test.context.SpringBootTestContextBootstrapper -- Found @SpringBootConfiguration org.springframework.samples.petclinic.customers.CustomersServiceApplication for test class org.springframework.samples.petclinic.customers.web.PetResourceTest
15:36:01,065 |-INFO in ch.qos.logback.core.joran.util.ConfigurationWatchListUtil@31e72cbc - Adding [jar:file:/Users/jaylee/.m2/repository/org/springframework/boot/spring-boot/3.2.11/spring-boot-3.2.11.jar!/org/springframework/boot/logging/logback/base.xml] to configuration watch list.
15:36:01,065 |-INFO in ch.qos.logback.core.joran.spi.ConfigurationWatchList@5fad41be - URL [jar:file:/Users/jaylee/.m2/repository/org/springframework/boot/spring-boot/3.2.11/spring-boot-3.2.11.jar!/org/springframework/boot/logging/logback/base.xml] is not of type file
15:36:01,066 |-INFO in ch.qos.logback.core.joran.util.ConfigurationWatchListUtil@31e72cbc - Adding [jar:file:/Users/jaylee/.m2/repository/org/springframework/boot/spring-boot/3.2.11/spring-boot-3.2.11.jar!/org/springframework/boot/logging/logback/defaults.xml] to configuration watch list.
15:36:01,066 |-INFO in ch.qos.logback.core.joran.spi.ConfigurationWatchList@5fad41be - URL [jar:file:/Users/jaylee/.m2/repository/org/springframework/boot/spring-boot/3.2.11/spring-boot-3.2.11.jar!/org/springframework/boot/logging/logback/defaults.xml] is not of type file
15:36:01,067 |-INFO in ch.qos.logback.core.joran.action.ConversionRuleAction - registering conversion word applicationName with class [org.springframework.boot.logging.logback.ApplicationNameConverter]
15:36:01,067 |-INFO in ch.qos.logback.core.joran.action.ConversionRuleAction - registering conversion word clr with class [org.springframework.boot.logging.logback.ColorConverter]
15:36:01,067 |-INFO in ch.qos.logback.core.joran.action.ConversionRuleAction - registering conversion word correlationId with class [org.springframework.boot.logging.logback.CorrelationIdConverter]
15:36:01,067 |-INFO in ch.qos.logback.core.joran.action.ConversionRuleAction - registering conversion word wex with class [org.springframework.boot.logging.logback.WhitespaceThrowableProxyConverter]
15:36:01,067 |-INFO in ch.qos.logback.core.joran.action.ConversionRuleAction - registering conversion word wEx with class [org.springframework.boot.logging.logback.ExtendedWhitespaceThrowableProxyConverter]
15:36:01,068 |-INFO in ch.qos.logback.core.joran.util.ConfigurationWatchListUtil@31e72cbc - Adding [jar:file:/Users/jaylee/.m2/repository/org/springframework/boot/spring-boot/3.2.11/spring-boot-3.2.11.jar!/org/springframework/boot/logging/logback/console-appender.xml] to configuration watch list.
15:36:01,068 |-INFO in ch.qos.logback.core.joran.spi.ConfigurationWatchList@5fad41be - URL [jar:file:/Users/jaylee/.m2/repository/org/springframework/boot/spring-boot/3.2.11/spring-boot-3.2.11.jar!/org/springframework/boot/logging/logback/console-appender.xml] is not of type file
15:36:01,069 |-INFO in ch.qos.logback.core.joran.util.ConfigurationWatchListUtil@31e72cbc - Adding [jar:file:/Users/jaylee/.m2/repository/org/springframework/boot/spring-boot/3.2.11/spring-boot-3.2.11.jar!/org/springframework/boot/logging/logback/file-appender.xml] to configuration watch list.
15:36:01,069 |-INFO in ch.qos.logback.core.joran.spi.ConfigurationWatchList@5fad41be - URL [jar:file:/Users/jaylee/.m2/repository/org/springframework/boot/spring-boot/3.2.11/spring-boot-3.2.11.jar!/org/springframework/boot/logging/logback/file-appender.xml] is not of type file
15:36:01,084 |-WARN in ch.qos.logback.core.model.processor.ImplicitModelHandler - Ignoring unknown property [jmxConfigurator] in [ch.qos.logback.classic.LoggerContext]
15:36:01,084 |-INFO in ch.qos.logback.classic.model.processor.LoggerModelHandler - Setting level of logger [org.apache.catalina.startup.DigesterFactory] to ERROR
15:36:01,084 |-INFO in ch.qos.logback.classic.jul.LevelChangePropagator@6dcd5639 - Propagating ERROR level on Logger[org.apache.catalina.startup.DigesterFactory] onto the JUL framework
15:36:01,085 |-INFO in ch.qos.logback.classic.model.processor.LoggerModelHandler - Setting level of logger [org.apache.catalina.util.LifecycleBase] to ERROR
15:36:01,085 |-INFO in ch.qos.logback.classic.jul.LevelChangePropagator@6dcd5639 - Propagating ERROR level on Logger[org.apache.catalina.util.LifecycleBase] onto the JUL framework
15:36:01,085 |-INFO in ch.qos.logback.classic.model.processor.LoggerModelHandler - Setting level of logger [org.apache.coyote.http11.Http11NioProtocol] to WARN
15:36:01,085 |-INFO in ch.qos.logback.classic.jul.LevelChangePropagator@6dcd5639 - Propagating WARN level on Logger[org.apache.coyote.http11.Http11NioProtocol] onto the JUL framework
15:36:01,085 |-INFO in ch.qos.logback.classic.model.processor.LoggerModelHandler - Setting level of logger [org.apache.sshd.common.util.SecurityUtils] to WARN
15:36:01,085 |-INFO in ch.qos.logback.classic.jul.LevelChangePropagator@6dcd5639 - Propagating WARN level on Logger[org.apache.sshd.common.util.SecurityUtils] onto the JUL framework
15:36:01,085 |-INFO in ch.qos.logback.classic.model.processor.LoggerModelHandler - Setting level of logger [org.apache.tomcat.util.net.NioSelectorPool] to WARN
15:36:01,085 |-INFO in ch.qos.logback.classic.jul.LevelChangePropagator@6dcd5639 - Propagating WARN level on Logger[org.apache.tomcat.util.net.NioSelectorPool] onto the JUL framework
15:36:01,085 |-INFO in ch.qos.logback.classic.model.processor.LoggerModelHandler - Setting level of logger [org.eclipse.jetty.util.component.AbstractLifeCycle] to ERROR
15:36:01,085 |-INFO in ch.qos.logback.classic.jul.LevelChangePropagator@6dcd5639 - Propagating ERROR level on Logger[org.eclipse.jetty.util.component.AbstractLifeCycle] onto the JUL framework
15:36:01,085 |-INFO in ch.qos.logback.classic.model.processor.LoggerModelHandler - Setting level of logger [org.hibernate.validator.internal.util.Version] to WARN
15:36:01,085 |-INFO in ch.qos.logback.classic.jul.LevelChangePropagator@6dcd5639 - Propagating WARN level on Logger[org.hibernate.validator.internal.util.Version] onto the JUL framework
15:36:01,085 |-INFO in ch.qos.logback.classic.model.processor.LoggerModelHandler - Setting level of logger [org.springframework.boot.actuate.endpoint.jmx] to WARN
15:36:01,085 |-INFO in ch.qos.logback.classic.jul.LevelChangePropagator@6dcd5639 - Propagating WARN level on Logger[org.springframework.boot.actuate.endpoint.jmx] onto the JUL framework
15:36:01,085 |-INFO in ch.qos.logback.core.model.processor.AppenderModelHandler - Processing appender named [CONSOLE]
15:36:01,085 |-INFO in ch.qos.logback.core.model.processor.AppenderModelHandler - About to instantiate appender of type [ch.qos.logback.core.ConsoleAppender]
15:36:01,086 |-INFO in ch.qos.logback.core.model.processor.ImplicitModelHandler - Assuming default type [ch.qos.logback.classic.encoder.PatternLayoutEncoder] for [encoder] property
15:36:01,092 |-INFO in ch.qos.logback.core.model.processor.AppenderModelHandler - Processing appender named [FILE]
15:36:01,092 |-INFO in ch.qos.logback.core.model.processor.AppenderModelHandler - About to instantiate appender of type [ch.qos.logback.core.rolling.RollingFileAppender]
15:36:01,094 |-INFO in ch.qos.logback.core.model.processor.ImplicitModelHandler - Assuming default type [ch.qos.logback.classic.encoder.PatternLayoutEncoder] for [encoder] property
15:36:01,096 |-INFO in c.q.l.core.rolling.SizeAndTimeBasedRollingPolicy@993452032 - setting totalSizeCap to 0 Bytes
15:36:01,097 |-INFO in c.q.l.core.rolling.SizeAndTimeBasedRollingPolicy@993452032 - Archive files will be limited to [10 MB] each.
15:36:01,097 |-INFO in c.q.l.core.rolling.SizeAndTimeBasedRollingPolicy@993452032 - Will use gz compression
15:36:01,098 |-INFO in c.q.l.core.rolling.SizeAndTimeBasedRollingPolicy@993452032 - Will use the pattern /var/folders/5c/9n2rzgmx5y3fd7rw70srmz800000gn/T//spring.log.%d{yyyy-MM-dd}.%i for the active file
15:36:01,109 |-INFO in ch.qos.logback.core.rolling.SizeAndTimeBasedFNATP@333cb916 - The date pattern is 'yyyy-MM-dd' from file name pattern '/var/folders/5c/9n2rzgmx5y3fd7rw70srmz800000gn/T//spring.log.%d{yyyy-MM-dd}.%i.gz'.
15:36:01,109 |-INFO in ch.qos.logback.core.rolling.SizeAndTimeBasedFNATP@333cb916 - Roll-over at midnight.
15:36:01,112 |-INFO in ch.qos.logback.core.rolling.SizeAndTimeBasedFNATP@333cb916 - Setting initial period to 2024-11-12T07:04:02.492Z
15:36:01,115 |-INFO in ch.qos.logback.core.rolling.RollingFileAppender[FILE] - Active log file name: /var/folders/5c/9n2rzgmx5y3fd7rw70srmz800000gn/T//spring.log
15:36:01,115 |-INFO in ch.qos.logback.core.rolling.RollingFileAppender[FILE] - File property is set to [/var/folders/5c/9n2rzgmx5y3fd7rw70srmz800000gn/T//spring.log]
15:36:01,120 |-INFO in ch.qos.logback.classic.model.processor.RootLoggerModelHandler - Setting level of ROOT logger to INFO
15:36:01,120 |-INFO in ch.qos.logback.classic.jul.LevelChangePropagator@6dcd5639 - Propagating INFO level on Logger[ROOT] onto the JUL framework
15:36:01,120 |-INFO in ch.qos.logback.core.model.processor.AppenderRefModelHandler - Attaching appender named [CONSOLE] to Logger[ROOT]
15:36:01,120 |-INFO in ch.qos.logback.core.model.processor.AppenderRefModelHandler - Attaching appender named [FILE] to Logger[ROOT]
15:36:01,120 |-INFO in ch.qos.logback.core.model.processor.DefaultProcessor@629ae7e - End of configuration.
15:36:01,120 |-INFO in org.springframework.boot.logging.logback.SpringBootJoranConfigurator@1d25c1c - Registering current configuration as safe fallback point

15:36:01,477 |-INFO in ch.qos.logback.core.joran.util.ConfigurationWatchListUtil@31e72cbc - Adding [jar:file:/Users/jaylee/.m2/repository/org/springframework/boot/spring-boot/3.2.11/spring-boot-3.2.11.jar!/org/springframework/boot/logging/logback/base.xml] to configuration watch list.
15:36:01,477 |-INFO in ch.qos.logback.core.joran.spi.ConfigurationWatchList@4fdca00a - URL [jar:file:/Users/jaylee/.m2/repository/org/springframework/boot/spring-boot/3.2.11/spring-boot-3.2.11.jar!/org/springframework/boot/logging/logback/base.xml] is not of type file
15:36:01,478 |-INFO in ch.qos.logback.core.joran.util.ConfigurationWatchListUtil@31e72cbc - Adding [jar:file:/Users/jaylee/.m2/repository/org/springframework/boot/spring-boot/3.2.11/spring-boot-3.2.11.jar!/org/springframework/boot/logging/logback/defaults.xml] to configuration watch list.
15:36:01,478 |-INFO in ch.qos.logback.core.joran.spi.ConfigurationWatchList@4fdca00a - URL [jar:file:/Users/jaylee/.m2/repository/org/springframework/boot/spring-boot/3.2.11/spring-boot-3.2.11.jar!/org/springframework/boot/logging/logback/defaults.xml] is not of type file
15:36:01,479 |-INFO in ch.qos.logback.core.joran.action.ConversionRuleAction - registering conversion word applicationName with class [org.springframework.boot.logging.logback.ApplicationNameConverter]
15:36:01,479 |-INFO in ch.qos.logback.core.joran.action.ConversionRuleAction - registering conversion word clr with class [org.springframework.boot.logging.logback.ColorConverter]
15:36:01,479 |-INFO in ch.qos.logback.core.joran.action.ConversionRuleAction - registering conversion word correlationId with class [org.springframework.boot.logging.logback.CorrelationIdConverter]
15:36:01,479 |-INFO in ch.qos.logback.core.joran.action.ConversionRuleAction - registering conversion word wex with class [org.springframework.boot.logging.logback.WhitespaceThrowableProxyConverter]
15:36:01,479 |-INFO in ch.qos.logback.core.joran.action.ConversionRuleAction - registering conversion word wEx with class [org.springframework.boot.logging.logback.ExtendedWhitespaceThrowableProxyConverter]
15:36:01,479 |-INFO in ch.qos.logback.core.joran.util.ConfigurationWatchListUtil@31e72cbc - Adding [jar:file:/Users/jaylee/.m2/repository/org/springframework/boot/spring-boot/3.2.11/spring-boot-3.2.11.jar!/org/springframework/boot/logging/logback/console-appender.xml] to configuration watch list.
15:36:01,479 |-INFO in ch.qos.logback.core.joran.spi.ConfigurationWatchList@4fdca00a - URL [jar:file:/Users/jaylee/.m2/repository/org/springframework/boot/spring-boot/3.2.11/spring-boot-3.2.11.jar!/org/springframework/boot/logging/logback/console-appender.xml] is not of type file
15:36:01,480 |-INFO in ch.qos.logback.core.joran.util.ConfigurationWatchListUtil@31e72cbc - Adding [jar:file:/Users/jaylee/.m2/repository/org/springframework/boot/spring-boot/3.2.11/spring-boot-3.2.11.jar!/org/springframework/boot/logging/logback/file-appender.xml] to configuration watch list.
15:36:01,480 |-INFO in ch.qos.logback.core.joran.spi.ConfigurationWatchList@4fdca00a - URL [jar:file:/Users/jaylee/.m2/repository/org/springframework/boot/spring-boot/3.2.11/spring-boot-3.2.11.jar!/org/springframework/boot/logging/logback/file-appender.xml] is not of type file
15:36:01,482 |-WARN in ch.qos.logback.core.model.processor.ImplicitModelHandler - Ignoring unknown property [jmxConfigurator] in [ch.qos.logback.classic.LoggerContext]
15:36:01,482 |-INFO in ch.qos.logback.classic.model.processor.LoggerModelHandler - Setting level of logger [org.apache.catalina.startup.DigesterFactory] to ERROR
15:36:01,482 |-INFO in ch.qos.logback.classic.jul.LevelChangePropagator@513b52af - Propagating ERROR level on Logger[org.apache.catalina.startup.DigesterFactory] onto the JUL framework
15:36:01,482 |-INFO in ch.qos.logback.classic.model.processor.LoggerModelHandler - Setting level of logger [org.apache.catalina.util.LifecycleBase] to ERROR
15:36:01,482 |-INFO in ch.qos.logback.classic.jul.LevelChangePropagator@513b52af - Propagating ERROR level on Logger[org.apache.catalina.util.LifecycleBase] onto the JUL framework
15:36:01,482 |-INFO in ch.qos.logback.classic.model.processor.LoggerModelHandler - Setting level of logger [org.apache.coyote.http11.Http11NioProtocol] to WARN
15:36:01,482 |-INFO in ch.qos.logback.classic.jul.LevelChangePropagator@513b52af - Propagating WARN level on Logger[org.apache.coyote.http11.Http11NioProtocol] onto the JUL framework
15:36:01,482 |-INFO in ch.qos.logback.classic.model.processor.LoggerModelHandler - Setting level of logger [org.apache.sshd.common.util.SecurityUtils] to WARN
15:36:01,482 |-INFO in ch.qos.logback.classic.jul.LevelChangePropagator@513b52af - Propagating WARN level on Logger[org.apache.sshd.common.util.SecurityUtils] onto the JUL framework
15:36:01,482 |-INFO in ch.qos.logback.classic.model.processor.LoggerModelHandler - Setting level of logger [org.apache.tomcat.util.net.NioSelectorPool] to WARN
15:36:01,482 |-INFO in ch.qos.logback.classic.jul.LevelChangePropagator@513b52af - Propagating WARN level on Logger[org.apache.tomcat.util.net.NioSelectorPool] onto the JUL framework
15:36:01,482 |-INFO in ch.qos.logback.classic.model.processor.LoggerModelHandler - Setting level of logger [org.eclipse.jetty.util.component.AbstractLifeCycle] to ERROR
15:36:01,482 |-INFO in ch.qos.logback.classic.jul.LevelChangePropagator@513b52af - Propagating ERROR level on Logger[org.eclipse.jetty.util.component.AbstractLifeCycle] onto the JUL framework
15:36:01,482 |-INFO in ch.qos.logback.classic.model.processor.LoggerModelHandler - Setting level of logger [org.hibernate.validator.internal.util.Version] to WARN
15:36:01,482 |-INFO in ch.qos.logback.classic.jul.LevelChangePropagator@513b52af - Propagating WARN level on Logger[org.hibernate.validator.internal.util.Version] onto the JUL framework
15:36:01,482 |-INFO in ch.qos.logback.classic.model.processor.LoggerModelHandler - Setting level of logger [org.springframework.boot.actuate.endpoint.jmx] to WARN
15:36:01,482 |-INFO in ch.qos.logback.classic.jul.LevelChangePropagator@513b52af - Propagating WARN level on Logger[org.springframework.boot.actuate.endpoint.jmx] onto the JUL framework
15:36:01,482 |-INFO in ch.qos.logback.core.model.processor.AppenderModelHandler - Processing appender named [CONSOLE]
15:36:01,482 |-INFO in ch.qos.logback.core.model.processor.AppenderModelHandler - About to instantiate appender of type [ch.qos.logback.core.ConsoleAppender]
15:36:01,482 |-INFO in ch.qos.logback.core.model.processor.ImplicitModelHandler - Assuming default type [ch.qos.logback.classic.encoder.PatternLayoutEncoder] for [encoder] property
15:36:01,483 |-INFO in ch.qos.logback.core.model.processor.AppenderModelHandler - Processing appender named [FILE]
15:36:01,483 |-INFO in ch.qos.logback.core.model.processor.AppenderModelHandler - About to instantiate appender of type [ch.qos.logback.core.rolling.RollingFileAppender]
15:36:01,483 |-INFO in ch.qos.logback.core.model.processor.ImplicitModelHandler - Assuming default type [ch.qos.logback.classic.encoder.PatternLayoutEncoder] for [encoder] property
15:36:01,483 |-INFO in c.q.l.core.rolling.SizeAndTimeBasedRollingPolicy@5934227 - setting totalSizeCap to 0 Bytes
15:36:01,483 |-INFO in c.q.l.core.rolling.SizeAndTimeBasedRollingPolicy@5934227 - Archive files will be limited to [10 MB] each.
15:36:01,483 |-INFO in c.q.l.core.rolling.SizeAndTimeBasedRollingPolicy@5934227 - Will use gz compression
15:36:01,483 |-INFO in c.q.l.core.rolling.SizeAndTimeBasedRollingPolicy@5934227 - Will use the pattern /var/folders/5c/9n2rzgmx5y3fd7rw70srmz800000gn/T//spring.log.%d{yyyy-MM-dd}.%i for the active file
15:36:01,484 |-INFO in ch.qos.logback.core.rolling.SizeAndTimeBasedFNATP@3bed3315 - The date pattern is 'yyyy-MM-dd' from file name pattern '/var/folders/5c/9n2rzgmx5y3fd7rw70srmz800000gn/T//spring.log.%d{yyyy-MM-dd}.%i.gz'.
15:36:01,484 |-INFO in ch.qos.logback.core.rolling.SizeAndTimeBasedFNATP@3bed3315 - Roll-over at midnight.
15:36:01,484 |-INFO in ch.qos.logback.core.rolling.SizeAndTimeBasedFNATP@3bed3315 - Setting initial period to 2024-11-12T07:04:02.492Z
15:36:01,485 |-INFO in ch.qos.logback.core.rolling.RollingFileAppender[FILE] - Active log file name: /var/folders/5c/9n2rzgmx5y3fd7rw70srmz800000gn/T//spring.log
15:36:01,485 |-INFO in ch.qos.logback.core.rolling.RollingFileAppender[FILE] - File property is set to [/var/folders/5c/9n2rzgmx5y3fd7rw70srmz800000gn/T//spring.log]
15:36:01,485 |-INFO in ch.qos.logback.classic.model.processor.RootLoggerModelHandler - Setting level of ROOT logger to INFO
15:36:01,485 |-INFO in ch.qos.logback.classic.jul.LevelChangePropagator@513b52af - Propagating INFO level on Logger[ROOT] onto the JUL framework
15:36:01,485 |-INFO in ch.qos.logback.core.model.processor.AppenderRefModelHandler - Attaching appender named [CONSOLE] to Logger[ROOT]
15:36:01,485 |-INFO in ch.qos.logback.core.model.processor.AppenderRefModelHandler - Attaching appender named [FILE] to Logger[ROOT]
15:36:01,485 |-INFO in ch.qos.logback.core.model.processor.DefaultProcessor@119b0892 - End of configuration.
15:36:01,485 |-INFO in org.springframework.boot.logging.logback.SpringBootJoranConfigurator@1a3e8e24 - Registering current configuration as safe fallback point


  .   ____          _            __ _ _
 /\\ / ___'_ __ _ _(_)_ __  __ _ \ \ \ \
( ( )\___ | '_ | '_| | '_ \/ _` | \ \ \ \
 \\/  ___)| |_)| | | | | || (_| |  ) ) ) )
  '  |____| .__|_| |_|_| |_\__, | / / / /
 =========|_|==============|___/=/_/_/_/
 :: Spring Boot ::               (v3.2.11)

2024-11-12T15:36:01.494+08:00  INFO 48593 --- [customers-service] [           main] c.c.c.ConfigServicePropertySourceLocator : Fetching config from server at : http://localhost:8888
2024-11-12T15:36:01.497+08:00  INFO 48593 --- [customers-service] [           main] c.c.c.ConfigServicePropertySourceLocator : Exception on Url - http://localhost:8888:org.springframework.web.client.ResourceAccessException: I/O error on GET request for "http://localhost:8888/customers-service/test": Connection refused. Will be trying the next url if available
2024-11-12T15:36:01.497+08:00  WARN 48593 --- [customers-service] [           main] c.c.c.ConfigServicePropertySourceLocator : Could not locate PropertySource: I/O error on GET request for "http://localhost:8888/customers-service/test": Connection refused
2024-11-12T15:36:01.503+08:00  INFO 48593 --- [customers-service] [           main] o.s.s.p.customers.web.PetResourceTest    : The following 1 profile is active: "test"
2024-11-12T15:36:01.505+08:00  INFO 48593 --- [customers-service] [           main] o.s.c.c.c.ConfigServerConfigDataLoader   : Fetching config from server at : http://localhost:8888/
2024-11-12T15:36:01.505+08:00  INFO 48593 --- [customers-service] [           main] o.s.c.c.c.ConfigServerConfigDataLoader   : Exception on Url - http://localhost:8888/:org.springframework.web.client.ResourceAccessException: I/O error on GET request for "http://localhost:8888/customers-service/default": Connection refused. Will be trying the next url if available
2024-11-12T15:36:01.506+08:00  WARN 48593 --- [customers-service] [           main] o.s.c.c.c.ConfigServerConfigDataLoader   : Could not locate PropertySource ([ConfigServerConfigDataResource@56b859a6 uris = array<String>['http://localhost:8888/'], optional = true, profiles = 'default']): I/O error on GET request for "http://localhost:8888/customers-service/default": Connection refused
2024-11-12T15:36:01.506+08:00  INFO 48593 --- [customers-service] [           main] o.s.c.c.c.ConfigServerConfigDataLoader   : Fetching config from server at : http://localhost:8888/
2024-11-12T15:36:01.506+08:00  INFO 48593 --- [customers-service] [           main] o.s.c.c.c.ConfigServerConfigDataLoader   : Exception on Url - http://localhost:8888/:org.springframework.web.client.ResourceAccessException: I/O error on GET request for "http://localhost:8888/customers-service/test": Connection refused. Will be trying the next url if available
2024-11-12T15:36:01.506+08:00  WARN 48593 --- [customers-service] [           main] o.s.c.c.c.ConfigServerConfigDataLoader   : Could not locate PropertySource ([ConfigServerConfigDataResource@6f798482 uris = array<String>['http://localhost:8888/'], optional = true, profiles = 'test']): I/O error on GET request for "http://localhost:8888/customers-service/test": Connection refused
2024-11-12T15:36:01.506+08:00  INFO 48593 --- [customers-service] [           main] o.s.c.c.c.ConfigServerConfigDataLoader   : Fetching config from server at : http://localhost:8888/
2024-11-12T15:36:01.506+08:00  INFO 48593 --- [customers-service] [           main] o.s.c.c.c.ConfigServerConfigDataLoader   : Exception on Url - http://localhost:8888/:org.springframework.web.client.ResourceAccessException: I/O error on GET request for "http://localhost:8888/customers-service/default": Connection refused. Will be trying the next url if available
2024-11-12T15:36:01.506+08:00  WARN 48593 --- [customers-service] [           main] o.s.c.c.c.ConfigServerConfigDataLoader   : Could not locate PropertySource ([ConfigServerConfigDataResource@332bcab0 uris = array<String>['http://localhost:8888/'], optional = true, profiles = 'default']): I/O error on GET request for "http://localhost:8888/customers-service/default": Connection refused
2024-11-12T15:36:02.883+08:00  INFO 48593 --- [customers-service] [           main] o.s.b.t.m.w.SpringBootMockServletContext : Initializing Spring TestDispatcherServlet ''
2024-11-12T15:36:02.883+08:00  INFO 48593 --- [customers-service] [           main] o.s.t.web.servlet.TestDispatcherServlet  : Initializing Servlet ''
2024-11-12T15:36:02.884+08:00  INFO 48593 --- [customers-service] [           main] o.s.t.web.servlet.TestDispatcherServlet  : Completed initialization in 1 ms
2024-11-12T15:36:02.894+08:00  INFO 48593 --- [customers-service] [           main] o.s.s.p.customers.web.PetResourceTest    : Started PetResourceTest in 2.008 seconds (process running for 2.809)
]]></system-out>
  </testcase>
</testsuite>